This file contains any messages produced by compilers while
running configure, to aid debugging if configure makes a mistake.

It was created by lx106-hal configure rc-2010.1, which was
generated by GNU Autoconf 2.69.  Invocation command line was

  $ ./configure --host=xtensa-lx106-elf --prefix=/opt/esp/esp-open-sdk/xtensa-lx106-elf/xtensa-lx106-elf/sysroot/usr

## --------- ##
## Platform. ##
## --------- ##

hostname = b24ff2cb75cc
uname -m = x86_64
uname -r = 4.4.0-109-generic
uname -s = Linux
uname -v = #132-Ubuntu SMP Tue Jan 9 19:52:39 UTC 2018

/usr/bin/uname -p = unknown
/bin/uname -X     = unknown

/bin/arch              = unknown
/usr/bin/arch -k       = unknown
/usr/convex/getsysinfo = unknown
/usr/bin/hostinfo      = unknown
/bin/machine           = unknown
/usr/bin/oslevel       = unknown
/bin/universe          = unknown

PATH: /opt/esp/esp-open-sdk/xtensa-lx106-elf/bin
PATH: /usr/local/sbin
PATH: /usr/local/bin
PATH: /usr/sbin
PATH: /usr/bin
PATH: /sbin
PATH: /bin
PATH: /opt/mips-mti-elf/2016.05-03/bin
PATH: /opt/gnu-mcu-eclipse/riscv-none-gcc/7.2.0-2-20180111-2230/bin


## ----------- ##
## Core tests. ##
## ----------- ##

configure:1867: checking for a BSD-compatible install
configure:1935: result: /usr/bin/install -c
configure:1946: checking whether build environment is sane
configure:2001: result: yes
configure:2060: checking for xtensa-lx106-elf-strip
configure:2076: found /opt/esp/esp-open-sdk/xtensa-lx106-elf/bin/xtensa-lx106-elf-strip
configure:2087: result: xtensa-lx106-elf-strip
configure:2152: checking for a thread-safe mkdir -p
configure:2191: result: /bin/mkdir -p
configure:2198: checking for gawk
configure:2214: found /usr/bin/gawk
configure:2225: result: gawk
configure:2236: checking whether make sets $(MAKE)
configure:2258: result: yes
configure:2287: checking whether make supports nested variables
configure:2304: result: yes
configure:2438: checking build system type
configure:2452: result: x86_64-pc-linux-gnu
configure:2472: checking host system type
configure:2485: result: xtensa-lx106-elf
configure:2521: checking for style of include used by make
configure:2549: result: GNU
configure:2580: checking for xtensa-lx106-elf-gcc
configure:2596: found /opt/esp/esp-open-sdk/xtensa-lx106-elf/bin/xtensa-lx106-elf-gcc
configure:2607: result: xtensa-lx106-elf-gcc
configure:2876: checking for C compiler version
configure:2885: xtensa-lx106-elf-gcc --version >&5
xtensa-lx106-elf-gcc (crosstool-NG crosstool-ng-1.22.0-60-g37b07f6) 4.8.5
Copyright (C) 2015 Free Software Foundation, Inc.
This is free software; see the source for copying conditions.  There is NO
warranty; not even for MERCHANTABILITY or FITNESS FOR A PARTICULAR PURPOSE.

configure:2896: $? = 0
configure:2885: xtensa-lx106-elf-gcc -v >&5
Using built-in specs.
COLLECT_GCC=xtensa-lx106-elf-gcc
COLLECT_LTO_WRAPPER=/opt/esp/esp-open-sdk/xtensa-lx106-elf/libexec/gcc/xtensa-lx106-elf/4.8.5/lto-wrapper
Target: xtensa-lx106-elf
Configured with: /opt/esp/esp-open-sdk/crosstool-NG/.build/src/gcc-4.8.5/configure --build=x86_64-build_pc-linux-gnu --host=x86_64-build_pc-linux-gnu --target=xtensa-lx106-elf --prefix=/opt/esp/esp-open-sdk/xtensa-lx106-elf --with-local-prefix=/opt/esp/esp-open-sdk/xtensa-lx106-elf/xtensa-lx106-elf/sysroot --with-sysroot=/opt/esp/esp-open-sdk/xtensa-lx106-elf/xtensa-lx106-elf/sysroot --with-newlib --enable-threads=no --disable-shared --with-pkgversion='crosstool-NG crosstool-ng-1.22.0-60-g37b07f6' --disable-__cxa_atexit --enable-cxx-flags='-fno-exceptions -fno-rtti' --with-gmp=/opt/esp/esp-open-sdk/crosstool-NG/.build/xtensa-lx106-elf/buildtools --with-mpfr=/opt/esp/esp-open-sdk/crosstool-NG/.build/xtensa-lx106-elf/buildtools --with-mpc=/opt/esp/esp-open-sdk/crosstool-NG/.build/xtensa-lx106-elf/buildtools --with-isl=/opt/esp/esp-open-sdk/crosstool-NG/.build/xtensa-lx106-elf/buildtools --with-cloog=/opt/esp/esp-open-sdk/crosstool-NG/.build/xtensa-lx106-elf/buildtools --with-libelf=/opt/esp/esp-open-sdk/crosstool-NG/.build/xtensa-lx106-elf/buildtools --enable-lto --enable-target-optspace --without-long-double-128 --disable-libgomp --disable-libmudflap --disable-libssp --disable-libquadmath --disable-libquadmath-support --disable-nls --disable-multilib --enable-languages=c,c++
Thread model: single
gcc version 4.8.5 (crosstool-NG crosstool-ng-1.22.0-60-g37b07f6) 
configure:2896: $? = 0
configure:2885: xtensa-lx106-elf-gcc -V >&5
xtensa-lx106-elf-gcc: error: unrecognized command line option '-V'
xtensa-lx106-elf-gcc: fatal error: no input files
compilation terminated.
configure:2896: $? = 1
configure:2885: xtensa-lx106-elf-gcc -qversion >&5
xtensa-lx106-elf-gcc: error: unrecognized command line option '-qversion'
xtensa-lx106-elf-gcc: fatal error: no input files
compilation terminated.
configure:2896: $? = 1
configure:2916: checking whether the C compiler works
configure:2938: xtensa-lx106-elf-gcc -mlongcalls  -nostdlib conftest.c  >&5
/opt/esp/esp-open-sdk/xtensa-lx106-elf/lib/gcc/xtensa-lx106-elf/4.8.5/../../../../xtensa-lx106-elf/bin/ld: warning: cannot find entry symbol _start; defaulting to 0000000000400054
configure:2942: $? = 0
configure:2990: result: yes
configure:2993: checking for C compiler default output file name
configure:2995: result: a.out
configure:3001: checking for suffix of executables
configure:3008: xtensa-lx106-elf-gcc -o conftest -mlongcalls  -nostdlib conftest.c  >&5
/opt/esp/esp-open-sdk/xtensa-lx106-elf/lib/gcc/xtensa-lx106-elf/4.8.5/../../../../xtensa-lx106-elf/bin/ld: warning: cannot find entry symbol _start; defaulting to 0000000000400054
configure:3012: $? = 0
configure:3034: result: 
configure:3056: checking whether we are cross compiling
configure:3064: xtensa-lx106-elf-gcc -o conftest -mlongcalls  -nostdlib conftest.c  >&5
/opt/esp/esp-open-sdk/xtensa-lx106-elf/lib/gcc/xtensa-lx106-elf/4.8.5/../../../../xtensa-lx106-elf/bin/ld: warning: cannot find entry symbol _start; defaulting to 0000000000400074
/tmp/cc0e0i7o.o:(.literal+0x8): undefined reference to `fopen'
/tmp/cc0e0i7o.o:(.literal+0xc): undefined reference to `fclose'
/tmp/cc0e0i7o.o: In function `main':
conftest.c:(.text+0xf): undefined reference to `fopen'
conftest.c:(.text+0x30): undefined reference to `fclose'
collect2: error: ld returned 1 exit status
configure:3068: $? = 1
configure:3075: ./conftest
./configure: line 3077: ./conftest: No such file or directory
configure:3079: $? = 127
configure:3094: result: yes
configure:3099: checking for suffix of object files
configure:3121: xtensa-lx106-elf-gcc -c -mlongcalls  conftest.c >&5
configure:3125: $? = 0
configure:3146: result: o
configure:3150: checking whether we are using the GNU C compiler
configure:3169: xtensa-lx106-elf-gcc -c -mlongcalls  conftest.c >&5
configure:3169: $? = 0
configure:3178: result: yes
configure:3187: checking whether xtensa-lx106-elf-gcc accepts -g
configure:3207: xtensa-lx106-elf-gcc -c -g  conftest.c >&5
configure:3207: $? = 0
configure:3248: result: yes
configure:3265: checking for xtensa-lx106-elf-gcc option to accept ISO C89
configure:3328: xtensa-lx106-elf-gcc  -c -mlongcalls  conftest.c >&5
configure:3328: $? = 0
configure:3341: result: none needed
configure:3366: checking whether xtensa-lx106-elf-gcc understands -c and -o together
configure:3388: xtensa-lx106-elf-gcc -c conftest.c -o conftest2.o
configure:3391: $? = 0
configure:3388: xtensa-lx106-elf-gcc -c conftest.c -o conftest2.o
configure:3391: $? = 0
configure:3403: result: yes
configure:3422: checking dependency style of xtensa-lx106-elf-gcc
configure:3533: result: gcc3
configure:3557: checking dependency style of xtensa-lx106-elf-gcc
configure:3666: result: gcc3
configure:3687: checking for xtensa-lx106-elf-ar
configure:3703: found /opt/esp/esp-open-sdk/xtensa-lx106-elf/bin/xtensa-lx106-elf-ar
configure:3714: result: xtensa-lx106-elf-ar
configure:3784: checking the archiver (xtensa-lx106-elf-ar) interface
configure:3800: xtensa-lx106-elf-gcc -c -mlongcalls  conftest.c >&5
configure:3800: $? = 0
configure:3802: xtensa-lx106-elf-ar cru libconftest.a conftest.o >&5
configure:3805: $? = 0
configure:3833: result: ar
configure:3861: checking for xtensa-lx106-elf-gcc
configure:3888: result: xtensa-lx106-elf-gcc
configure:4157: checking for C compiler version
configure:4166: xtensa-lx106-elf-gcc --version >&5
xtensa-lx106-elf-gcc (crosstool-NG crosstool-ng-1.22.0-60-g37b07f6) 4.8.5
Copyright (C) 2015 Free Software Foundation, Inc.
This is free software; see the source for copying conditions.  There is NO
warranty; not even for MERCHANTABILITY or FITNESS FOR A PARTICULAR PURPOSE.

configure:4177: $? = 0
configure:4166: xtensa-lx106-elf-gcc -v >&5
Using built-in specs.
COLLECT_GCC=xtensa-lx106-elf-gcc
COLLECT_LTO_WRAPPER=/opt/esp/esp-open-sdk/xtensa-lx106-elf/libexec/gcc/xtensa-lx106-elf/4.8.5/lto-wrapper
Target: xtensa-lx106-elf
Configured with: /opt/esp/esp-open-sdk/crosstool-NG/.build/src/gcc-4.8.5/configure --build=x86_64-build_pc-linux-gnu --host=x86_64-build_pc-linux-gnu --target=xtensa-lx106-elf --prefix=/opt/esp/esp-open-sdk/xtensa-lx106-elf --with-local-prefix=/opt/esp/esp-open-sdk/xtensa-lx106-elf/xtensa-lx106-elf/sysroot --with-sysroot=/opt/esp/esp-open-sdk/xtensa-lx106-elf/xtensa-lx106-elf/sysroot --with-newlib --enable-threads=no --disable-shared --with-pkgversion='crosstool-NG crosstool-ng-1.22.0-60-g37b07f6' --disable-__cxa_atexit --enable-cxx-flags='-fno-exceptions -fno-rtti' --with-gmp=/opt/esp/esp-open-sdk/crosstool-NG/.build/xtensa-lx106-elf/buildtools --with-mpfr=/opt/esp/esp-open-sdk/crosstool-NG/.build/xtensa-lx106-elf/buildtools --with-mpc=/opt/esp/esp-open-sdk/crosstool-NG/.build/xtensa-lx106-elf/buildtools --with-isl=/opt/esp/esp-open-sdk/crosstool-NG/.build/xtensa-lx106-elf/buildtools --with-cloog=/opt/esp/esp-open-sdk/crosstool-NG/.build/xtensa-lx106-elf/buildtools --with-libelf=/opt/esp/esp-open-sdk/crosstool-NG/.build/xtensa-lx106-elf/buildtools --enable-lto --enable-target-optspace --without-long-double-128 --disable-libgomp --disable-libmudflap --disable-libssp --disable-libquadmath --disable-libquadmath-support --disable-nls --disable-multilib --enable-languages=c,c++
Thread model: single
gcc version 4.8.5 (crosstool-NG crosstool-ng-1.22.0-60-g37b07f6) 
configure:4177: $? = 0
configure:4166: xtensa-lx106-elf-gcc -V >&5
xtensa-lx106-elf-gcc: error: unrecognized command line option '-V'
xtensa-lx106-elf-gcc: fatal error: no input files
compilation terminated.
configure:4177: $? = 1
configure:4166: xtensa-lx106-elf-gcc -qversion >&5
xtensa-lx106-elf-gcc: error: unrecognized command line option '-qversion'
xtensa-lx106-elf-gcc: fatal error: no input files
compilation terminated.
configure:4177: $? = 1
configure:4181: checking whether we are using the GNU C compiler
configure:4209: result: yes
configure:4218: checking whether xtensa-lx106-elf-gcc accepts -g
configure:4279: result: yes
configure:4296: checking for xtensa-lx106-elf-gcc option to accept ISO C89
configure:4372: result: none needed
configure:4397: checking whether xtensa-lx106-elf-gcc understands -c and -o together
configure:4434: result: yes
configure:4453: checking dependency style of xtensa-lx106-elf-gcc
configure:4564: result: gcc3
configure:4582: checking for xtensa-lx106-elf-ranlib
configure:4598: found /opt/esp/esp-open-sdk/xtensa-lx106-elf/bin/xtensa-lx106-elf-ranlib
configure:4609: result: xtensa-lx106-elf-ranlib
configure:4672: checking for call0 ABI
configure:4689: xtensa-lx106-elf-gcc -c -mlongcalls  conftest.c >&5
configure:4689: $? = 0
configure:4695: result: yes
configure:4819: checking that generated files are newer than configure
configure:4825: result: done
configure:4860: creating ./config.status

## ---------------------- ##
## Running config.status. ##
## ---------------------- ##

This file was extended by lx106-hal config.status rc-2010.1, which was
generated by GNU Autoconf 2.69.  Invocation command line was

  CONFIG_FILES    = 
  CONFIG_HEADERS  = 
  CONFIG_LINKS    = 
  CONFIG_COMMANDS = 
  $ ./config.status 

on b24ff2cb75cc

config.status:860: creating Makefile
config.status:860: creating include/Makefile
config.status:860: creating src/Makefile
config.status:860: creating src/config.h
config.status:1089: executing depfiles commands

## ---------------- ##
## Cache variables. ##
## ---------------- ##

ac_cv_build=x86_64-pc-linux-gnu
ac_cv_c_compiler_gnu=yes
ac_cv_env_CCASFLAGS_set=
ac_cv_env_CCASFLAGS_value=
ac_cv_env_CCAS_set=
ac_cv_env_CCAS_value=
ac_cv_env_CC_set=
ac_cv_env_CC_value=
ac_cv_env_CFLAGS_set=
ac_cv_env_CFLAGS_value=
ac_cv_env_CPPFLAGS_set=
ac_cv_env_CPPFLAGS_value=
ac_cv_env_LDFLAGS_set=
ac_cv_env_LDFLAGS_value=
ac_cv_env_LIBS_set=
ac_cv_env_LIBS_value=
ac_cv_env_build_alias_set=
ac_cv_env_build_alias_value=
ac_cv_env_host_alias_set=set
ac_cv_env_host_alias_value=xtensa-lx106-elf
ac_cv_env_target_alias_set=
ac_cv_env_target_alias_value=
ac_cv_host=xtensa-lx106-elf
ac_cv_objext=o
ac_cv_path_install='/usr/bin/install -c'
ac_cv_path_mkdir=/bin/mkdir
ac_cv_prog_AR=xtensa-lx106-elf-ar
ac_cv_prog_AWK=gawk
ac_cv_prog_CC=xtensa-lx106-elf-gcc
ac_cv_prog_RANLIB=xtensa-lx106-elf-ranlib
ac_cv_prog_STRIP=xtensa-lx106-elf-strip
ac_cv_prog_cc_c89=
ac_cv_prog_cc_g=yes
ac_cv_prog_make_make_set=yes
am_cv_CCAS_dependencies_compiler_type=gcc3
am_cv_CC_dependencies_compiler_type=gcc3
am_cv_ar_interface=ar
am_cv_make_support_nested_variables=yes
am_cv_prog_cc_c_o=yes

## ----------------- ##
## Output variables. ##
## ----------------- ##

ACLOCAL='${SHELL} /opt/esp/esp-open-sdk/lx106-hal/build-aux/missing aclocal-1.15'
AMDEPBACKSLASH='\'
AMDEP_FALSE='#'
AMDEP_TRUE=''
AMTAR='$${TAR-tar}'
AM_BACKSLASH='\'
AM_DEFAULT_V='$(AM_DEFAULT_VERBOSITY)'
AM_DEFAULT_VERBOSITY='1'
AM_V='$(V)'
AR='xtensa-lx106-elf-ar'
AUTOCONF='${SHELL} /opt/esp/esp-open-sdk/lx106-hal/build-aux/missing autoconf'
AUTOHEADER='${SHELL} /opt/esp/esp-open-sdk/lx106-hal/build-aux/missing autoheader'
AUTOMAKE='${SHELL} /opt/esp/esp-open-sdk/lx106-hal/build-aux/missing automake-1.15'
AWK='gawk'
CC='xtensa-lx106-elf-gcc'
CCAS='xtensa-lx106-elf-gcc'
CCASDEPMODE='depmode=gcc3'
CCASFLAGS='-mlongcalls'
CCDEPMODE='depmode=gcc3'
CFLAGS='-mlongcalls'
CPPFLAGS='-I${top_srcdir}/include'
CYGPATH_W='echo'
DEFS='-DHAVE_CONFIG_H'
DEPDIR='.deps'
ECHO_C=''
ECHO_N='-n'
ECHO_T=''
EXEEXT=''
INSTALL_DATA='${INSTALL} -m 644'
INSTALL_PROGRAM='${INSTALL}'
INSTALL_SCRIPT='${INSTALL}'
INSTALL_STRIP_PROGRAM='$(install_sh) -c -s'
LDFLAGS='-nostdlib'
LIBOBJS=''
LIBS=''
LTLIBOBJS=''
MAKEINFO='${SHELL} /opt/esp/esp-open-sdk/lx106-hal/build-aux/missing makeinfo'
MKDIR_P='/bin/mkdir -p'
OBJEXT='o'
PACKAGE='lx106-hal'
PACKAGE_BUGREPORT=''
PACKAGE_NAME='lx106-hal'
PACKAGE_STRING='lx106-hal rc-2010.1'
PACKAGE_TARNAME='lx106-hal'
PACKAGE_URL=''
PACKAGE_VERSION='rc-2010.1'
PATH_SEPARATOR=':'
RANLIB='xtensa-lx106-elf-ranlib'
SET_MAKE=''
SHELL='/bin/bash'
STRIP='xtensa-lx106-elf-strip'
VERSION='rc-2010.1'
XTENSA_CALL0_ABI_FALSE='#'
XTENSA_CALL0_ABI_TRUE=''
ac_ct_AR=''
ac_ct_CC=''
am__EXEEXT_FALSE=''
am__EXEEXT_TRUE='#'
am__fastdepCCAS_FALSE='#'
am__fastdepCCAS_TRUE=''
am__fastdepCC_FALSE='#'
am__fastdepCC_TRUE=''
am__include='include'
am__isrc=''
am__leading_dot='.'
am__nodep='_no'
am__quote=''
am__tar='$${TAR-tar} chof - "$$tardir"'
am__untar='$${TAR-tar} xf -'
bindir='${exec_prefix}/bin'
build='x86_64-pc-linux-gnu'
build_alias=''
build_cpu='x86_64'
build_os='linux-gnu'
build_vendor='pc'
datadir='${datarootdir}'
datarootdir='${prefix}/share'
docdir='${datarootdir}/doc/${PACKAGE_TARNAME}'
dvidir='${docdir}'
exec_prefix='${prefix}'
host='xtensa-lx106-elf'
host_alias='xtensa-lx106-elf'
host_cpu='xtensa'
host_os='elf'
host_vendor='lx106'
htmldir='${docdir}'
includedir='${prefix}/include'
infodir='${datarootdir}/info'
install_sh='${SHELL} /opt/esp/esp-open-sdk/lx106-hal/build-aux/install-sh'
libdir='${exec_prefix}/lib'
libexecdir='${exec_prefix}/libexec'
localedir='${datarootdir}/locale'
localstatedir='${prefix}/var'
mandir='${datarootdir}/man'
mkdir_p='$(MKDIR_P)'
oldincludedir='/usr/include'
pdfdir='${docdir}'
prefix='/opt/esp/esp-open-sdk/xtensa-lx106-elf/xtensa-lx106-elf/sysroot/usr'
program_transform_name='s,x,x,'
psdir='${docdir}'
runstatedir='${localstatedir}/run'
sbindir='${exec_prefix}/sbin'
sharedstatedir='${prefix}/com'
sysconfdir='${prefix}/etc'
target_alias=''

## ----------- ##
## confdefs.h. ##
## ----------- ##

/* confdefs.h */
#define PACKAGE_NAME "lx106-hal"
#define PACKAGE_TARNAME "lx106-hal"
#define PACKAGE_VERSION "rc-2010.1"
#define PACKAGE_STRING "lx106-hal rc-2010.1"
#define PACKAGE_BUGREPORT ""
#define PACKAGE_URL ""
#define PACKAGE "lx106-hal"
#define VERSION "rc-2010.1"

configure: exit 0
